<?xml version="1.0" encoding="UTF-8"?>
<!-- Generated by org.testng.reporters.JUnitReportReporter -->
<testsuite hostname="LAPTOP-DDRM0M9E" failures="0" tests="1" name="parameters.ParametersExample2" time="19.392" errors="0" timestamp="2025-08-22T09:45:49 IST" skipped="0">
  <testcase classname="parameters.ParametersExample2" name="loginTest" time="19.392"/>
</testsuite> <!-- parameters.ParametersExample2 -->
