<?xml version="1.0" encoding="UTF-8"?>
<!-- Generated by org.testng.reporters.JUnitReportReporter -->
<testsuite hostname="LAPTOP-DDRM0M9E" failures="0" tests="5" name="parabank.ParabankTest" time="37.698" errors="0" timestamp="2025-08-18T21:32:45 IST" skipped="1">
  <testcase classname="parabank.ParabankTest" name="RegisterNewUser" time="7.519"/>
  <testcase classname="parabank.ParabankTest" name="RegisterNewUser" time="17.503"/>
  <testcase classname="parabank.ParabankTest" name="Login" time="6.277"/>
  <testcase classname="parabank.ParabankTest" name="Login" time="6.399"/>
  <testcase classname="parabank.ParabankTest" name="CustomerCare">
    <skipped/>
  </testcase> <!-- CustomerCare -->
</testsuite> <!-- parabank.ParabankTest -->
