<?xml version="1.0" encoding="UTF-8"?>
<!-- Generated by org.testng.reporters.JUnitReportReporter -->
<testsuite hostname="LAPTOP-DDRM0M9E" failures="0" tests="3" name="day24_orangehrm.SearchTermFunctionality" time="84.549" errors="0" timestamp="2025-08-18T09:10:20 IST" skipped="0">
  <testcase classname="day24_orangehrm.SearchTermFunctionality" name="searchTest" time="32.069"/>
  <testcase classname="day24_orangehrm.SearchTermFunctionality" name="searchTest" time="27.739"/>
  <testcase classname="day24_orangehrm.SearchTermFunctionality" name="searchTest" time="24.741"/>
</testsuite> <!-- day24_orangehrm.SearchTermFunctionality -->
