<?xml version="1.0" encoding="UTF-8"?>
<!-- Generated by org.testng.reporters.JUnitReportReporter -->
<testsuite hostname="LAPTOP-DDRM0M9E" failures="0" tests="2" name="com.Annotations" time="14.165" errors="0" timestamp="2025-08-13T13:02:27 IST" skipped="0">
  <testcase classname="com.Annotations" name="verifypage" time="2.987"/>
  <testcase classname="com.Annotations" name="LoginTest" time="11.178"/>
</testsuite> <!-- com.Annotations -->
