<?xml version="1.0" encoding="UTF-8"?>
<!-- Generated by org.testng.reporters.JUnitReportReporter -->
<testsuite hostname="LAPTOP-DDRM0M9E" failures="0" tests="2" name="com.ApplicationTest" time="7.757" errors="0" timestamp="2025-08-14T13:14:28 IST" skipped="0">
  <testcase classname="com.ApplicationTest" name="launchGoogle" time="3.218"/>
  <testcase classname="com.ApplicationTest" name="registerNewUser" time="4.539"/>
</testsuite> <!-- com.ApplicationTest -->
