<?xml version="1.0" encoding="UTF-8"?>
<!-- Generated by org.testng.reporters.JUnitReportReporter -->
<testsuite hostname="LAPTOP-DDRM0M9E" failures="0" tests="3" name="day24_orangehrm.SearchTermFunctionality" time="74.285" errors="0" timestamp="2025-08-16T16:46:04 IST" skipped="0">
  <testcase classname="day24_orangehrm.SearchTermFunctionality" name="searchTest" time="23.160"/>
  <testcase classname="day24_orangehrm.SearchTermFunctionality" name="searchTest" time="25.773"/>
  <testcase classname="day24_orangehrm.SearchTermFunctionality" name="searchTest" time="25.352"/>
</testsuite> <!-- day24_orangehrm.SearchTermFunctionality -->
