<?xml version="1.0" encoding="UTF-8"?>
<!-- Generated by org.testng.reporters.JUnitReportReporter -->
<testsuite hostname="LAPTOP-DDRM0M9E" failures="0" tests="1" name="day24_orangehrm.HeadLessRunner" time="11.829" errors="0" timestamp="2025-08-22T11:27:03 IST" skipped="0">
  <testcase classname="day24_orangehrm.HeadLessRunner" name="openGoogle" time="11.829"/>
</testsuite> <!-- day24_orangehrm.HeadLessRunner -->
