<?xml version="1.0" encoding="UTF-8"?>
<!-- Generated by org.testng.reporters.JUnitReportReporter -->
<testsuite hostname="LAPTOP-DDRM0M9E" failures="0" tests="2" name="parabank.ParabankTest" time="7.201" errors="0" timestamp="2025-08-14T17:11:47 IST" skipped="1">
  <testcase classname="parabank.ParabankTest" name="RegisterNewUser" time="7.201"/>
  <testcase classname="parabank.ParabankTest" name="CustomerCare">
    <skipped/>
  </testcase> <!-- CustomerCare -->
</testsuite> <!-- parabank.ParabankTest -->
