<?xml version="1.0" encoding="UTF-8"?>
<!-- Generated by org.testng.reporters.JUnitReportReporter -->
<testsuite hostname="LAPTOP-DDRM0M9E" failures="0" tests="2" name="day24_orangehrm.FactoryAnnotation" time="34.917" errors="0" timestamp="2025-08-20T22:48:29 IST" skipped="0">
  <testcase classname="day24_orangehrm.FactoryAnnotation" name="loginTest" time="12.730"/>
  <testcase classname="day24_orangehrm.FactoryAnnotation" name="loginTest" time="22.187"/>
</testsuite> <!-- day24_orangehrm.FactoryAnnotation -->
