<?xml version="1.0" encoding="UTF-8"?>
<!-- Generated by org.testng.reporters.JUnitReportReporter -->
<testsuite hostname="LAPTOP-DDRM0M9E" failures="0" tests="1" name="parameters.ParameterExample" time="23.736" errors="0" timestamp="2025-08-22T09:36:05 IST" skipped="0">
  <testcase classname="parameters.ParameterExample" name="loginTest" time="23.736"/>
</testsuite> <!-- parameters.ParameterExample -->
