<?xml version="1.0" encoding="UTF-8"?>
<!-- Generated by org.testng.reporters.JUnitReportReporter -->
<testsuite hostname="LAPTOP-DDRM0M9E" failures="0" tests="1" name="com.BuggyclassRatingTesting" time="5.804" errors="0" timestamp="2025-08-13T18:44:17 IST" skipped="0">
  <testcase classname="com.BuggyclassRatingTesting" name="Register" time="5.804"/>
</testsuite> <!-- com.BuggyclassRatingTesting -->
