<?xml version="1.0" encoding="UTF-8"?>
<!-- Generated by org.testng.reporters.JUnitReportReporter -->
<testsuite hostname="LAPTOP-DDRM0M9E" failures="0" tests="2" name="parameters.DataProviderExample" time="12.208" errors="0" timestamp="2025-08-22T09:47:05 IST" skipped="0">
  <testcase classname="parameters.DataProviderExample" name="RegisterNewUser" time="6.291"/>
  <testcase classname="parameters.DataProviderExample" name="RegisterNewUser" time="5.917"/>
</testsuite> <!-- parameters.DataProviderExample -->
