<?xml version="1.0" encoding="UTF-8"?>
<!-- Generated by org.testng.reporters.JUnitReportReporter -->
<testsuite hostname="LAPTOP-DDRM0M9E" failures="0" tests="1" name="buggyrating.BuggyclassRatingTesting" time="5.748" errors="0" timestamp="2025-08-18T17:43:34 IST" skipped="0">
  <testcase classname="buggyrating.BuggyclassRatingTesting" name="Register" time="5.748"/>
</testsuite> <!-- buggyrating.BuggyclassRatingTesting -->
