<?xml version="1.0" encoding="UTF-8"?>
<!-- Generated by org.testng.reporters.JUnitReportReporter -->
<testsuite hostname="LAPTOP-DDRM0M9E" failures="0" tests="2" name="com.ApplicationTest" time="14.588" errors="0" timestamp="2025-08-18T21:01:34 IST" skipped="0">
  <testcase classname="com.ApplicationTest" name="launchGoogle" time="6.138"/>
  <testcase classname="com.ApplicationTest" name="registerNewUser" time="8.450"/>
</testsuite> <!-- com.ApplicationTest -->
