<?xml version="1.0" encoding="UTF-8"?>
<!-- Generated by org.testng.reporters.JUnitReportReporter -->
<testsuite hostname="LAPTOP-DDRM0M9E" failures="0" tests="4" name="parameters.DataProvider2" time="35.934" errors="0" timestamp="2025-08-22T09:49:29 IST" skipped="0">
  <testcase classname="parameters.DataProvider2" name="RegisterNewUser" time="12.799"/>
  <testcase classname="parameters.DataProvider2" name="RegisterNewUser" time="9.893"/>
  <testcase classname="parameters.DataProvider2" name="Login" time="5.697"/>
  <testcase classname="parameters.DataProvider2" name="Login" time="7.545"/>
</testsuite> <!-- parameters.DataProvider2 -->
