<?xml version="1.0" encoding="UTF-8"?>
<!-- Generated by org.testng.reporters.JUnitReportReporter -->
<testsuite hostname="LAPTOP-DDRM0M9E" failures="0" tests="5" name="parabank.ParabankTest" time="31.560" errors="0" timestamp="2025-08-16T16:31:32 IST" skipped="1">
  <testcase classname="parabank.ParabankTest" name="RegisterNewUser" time="8.030"/>
  <testcase classname="parabank.ParabankTest" name="RegisterNewUser" time="11.133"/>
  <testcase classname="parabank.ParabankTest" name="Login" time="5.413"/>
  <testcase classname="parabank.ParabankTest" name="Login" time="6.984"/>
  <testcase classname="parabank.ParabankTest" name="CustomerCare">
    <skipped/>
  </testcase> <!-- CustomerCare -->
</testsuite> <!-- parabank.ParabankTest -->
