<?xml version="1.0" encoding="UTF-8"?>
<!-- Generated by org.testng.reporters.JUnitReportReporter -->
<testsuite hostname="LAPTOP-DDRM0M9E" failures="0" tests="2" name="com.ParabankTest" time="11.859" errors="0" timestamp="2025-08-14T08:38:03 IST" skipped="0">
  <testcase classname="com.ParabankTest" name="RegisterNewUser" time="8.305"/>
  <testcase classname="com.ParabankTest" name="Login" time="3.554"/>
</testsuite> <!-- com.ParabankTest -->
