<?xml version="1.0" encoding="UTF-8"?>
<!-- Generated by org.testng.reporters.JUnitReportReporter -->
<testsuite hostname="LAPTOP-DDRM0M9E" failures="0" tests="2" name="day24_orangehrm.OrangeHrmTest" time="45.302" errors="0" timestamp="2025-08-16T12:10:39 IST" skipped="0">
  <testcase classname="day24_orangehrm.OrangeHrmTest" name="login" time="24.251"/>
  <testcase classname="day24_orangehrm.OrangeHrmTest" name="login" time="21.051"/>
</testsuite> <!-- day24_orangehrm.OrangeHrmTest -->
